[22:36:40] [main/INFO]: Loading for game Minecraft 1.16.4
[22:36:41] [main/INFO]: [FabricLoader] Loading 52 mods: fabric-renderer-api-v1@0.4.0+cbe9176f3a, fabric-keybindings-v0@0.2.0+6a2618f53a, fabricloader@0.11.1, customskinloader@14.13-SNAPSHOT-199, fabric-structure-api-v1@1.1.3+cbe9176f3a, bbor@2.4-1.16.3, fabric-containers-v0@0.1.9+a03e98793a, fabric-dimensions-v1@2.0.1+9a6c75813a, fabric-object-builder-api-v1@1.9.2+6a2618f53a, java@8, fabric-game-rule-api-v1@1.0.5+cbe9176f3a, fabric-api-base@0.2.0+ab87788d3a, fabric-rendering-data-attachment-v1@0.1.4+6a2618f53a, fabric-textures-v0@1.0.5+6a2618f53a, fabric-rendering-fluids-v1@0.1.12+6a2618f53a, litematica@0.0.0-dev.20201103.184101, fabric-blockrenderlayer-v1@1.1.4+6a2618f53a, fabric-lifecycle-events-v1@1.2.0+ffb68a873a, fabric-renderer-registries-v1@2.2.0+6a2618f53a, fabric-loot-tables-v1@1.0.1+6a2618f53a, carpet-extra@1.4.16, fabric@0.29.3+1.16, carpet@1.4.20, fabric-particles-v1@0.2.3+cbe9176f3a, fabric-networking-v0@0.3.1+2a4333d33a, fabric-networking-blockentity-v0@0.2.7+a03e98793a, minecraft@1.16.4, fabric-screen-handler-api-v1@1.1.0+6a2618f53a, fabric-command-api-v1@1.0.9+6a2618f53a, fabric-tool-attribute-api-v1@1.2.5+6a2618f53a, fabric-renderer-indigo@0.4.3+6a2618f53a, fabric-item-api-v1@1.2.0+6a2618f53a, fabric-events-interaction-v0@0.4.1+6a2618f53a, fabric-crash-report-info-v1@0.1.2+b7f9825d3a, fabric-entity-events-v1@1.0.2+8004b36d3a, fabric-rendering-v0@1.1.1+6a2618f53a, fabric-key-binding-api-v1@1.0.1+730711c63a, fabric-rendering-v1@1.5.0+c26373133a, fabric-resource-loader-v0@0.4.1+0d4d7e343a, malilib@0.10.0-dev.21+arne.2, fabric-content-registries-v0@0.2.0+e77439c73a, fabric-tag-extensions-v0@1.1.0+e77439c73a, fabric-biome-api-v1@3.1.0+2e23b97c3a, fabric-registry-sync-v0@0.7.3+be155ae23a, fabric-commands-v0@0.2.1+cbe9176f3a, itemscroller@0.15.0-dev.20201103.183933, fabric-mining-levels-v0@0.1.2+6a2618f53a, fabric-networking-api-v1@1.0.0+4358fbc63a, fabric-events-lifecycle-v0@0.2.0+6a2618f53a, fabric-item-groups-v0@0.2.2+cbe9176f3a, fabric-models-v0@0.2.0+cbe9176f3a, fabric-object-builders-v0@0.7.1+6a2618f53a
[22:36:41] [main/INFO]: SpongePowered MIXIN Subsystem Version=0.8.2 Source=file:/G:/Profile/bili33/Desktop/New/server/fabric-server-launch.jar Service=Knot/Fabric Env=SERVER
[22:36:57] [main/INFO]: Environment: authHost='https://authserver.mojang.com', accountsHost='https://api.mojang.com', sessionHost='https://sessionserver.mojang.com', servicesHost='https://api.minecraftservices.com', name='PROD'
[22:36:58] [main/WARN]: Ambiguity between arguments [teleport, destination] and [teleport, targets] with inputs: [Player, 0123, @e, dd12be42-52a9-4a91-a8a1-11c01849e498]
[22:36:58] [main/WARN]: Ambiguity between arguments [teleport, location] and [teleport, destination] with inputs: [0.1 -0.5 .9, 0 0 0]
[22:36:58] [main/WARN]: Ambiguity between arguments [teleport, location] and [teleport, targets] with inputs: [0.1 -0.5 .9, 0 0 0]
[22:36:58] [main/WARN]: Ambiguity between arguments [teleport, targets] and [teleport, destination] with inputs: [Player, 0123, dd12be42-52a9-4a91-a8a1-11c01849e498]
[22:36:58] [main/WARN]: Ambiguity between arguments [teleport, targets, location] and [teleport, targets, destination] with inputs: [0.1 -0.5 .9, 0 0 0]
[22:36:59] [main/INFO]: Reloading ResourceManager: Default, Fabric Mods (Fabric Tool Attribute API (v1))
[22:37:00] [Worker-Main-4/INFO]: Loaded 7 recipes
[22:37:01] [Worker-Main-4/INFO]: Loaded 927 advancements
[22:37:02] [main/INFO]: Applied 0 biome modifications to 0 of 79 new biomes in 6.383 ms
[22:37:03] [Server thread/INFO]: Starting minecraft server version 1.16.4
[22:37:03] [Server thread/INFO]: Loading properties
[22:37:03] [Server thread/INFO]: Default game type: SURVIVAL
[22:37:03] [Server thread/INFO]: Generating keypair
[22:37:03] [Server thread/INFO]: Starting Minecraft server on *:28574
[22:37:03] [Server thread/INFO]: Using default channel type
[22:37:07] [Server thread/WARN]: **** SERVER IS RUNNING IN OFFLINE/INSECURE MODE!
[22:37:07] [Server thread/WARN]: The server will make no attempt to authenticate usernames. Beware.
[22:37:07] [Server thread/WARN]: While this makes the game possible to play without internet access, it also opens up the ability for hackers to connect with any username they choose.
[22:37:07] [Server thread/WARN]: To change this, set "online-mode" to "true" in the server.properties file.
[22:37:07] [Server thread/INFO]: Preparing level "world"
[22:37:07] [Server thread/INFO]: create world dimension: minecraft:overworld (seed: 3539467203222007677)
[22:37:07] [Server thread/INFO]: create world dimension: minecraft:the_nether (seed: 3539467203222007677)
[22:37:07] [Server thread/INFO]: create world dimension: minecraft:the_end (seed: 3539467203222007677)
[22:37:07] [Server thread/INFO]: Preparing start region for dimension minecraft:overworld
[22:37:10] [Server thread/INFO]: Preparing spawn area: 0%
[22:37:10] [Server thread/INFO]: Preparing spawn area: 0%
[22:37:10] [Server thread/INFO]: Preparing spawn area: 0%
[22:37:10] [Server thread/INFO]: Preparing spawn area: 0%
[22:37:10] [Server thread/INFO]: Preparing spawn area: 0%
[22:37:10] [Server thread/INFO]: Preparing spawn area: 0%
[22:37:10] [Server thread/INFO]: Preparing spawn area: 0%
[22:37:11] [Server thread/INFO]: Preparing spawn area: 0%
[22:37:11] [Server thread/INFO]: Preparing spawn area: 0%
[22:37:13] [Server thread/INFO]: Time elapsed: 5596 ms
[22:37:13] [Server thread/INFO]: Done (6.100s)! For help, type "help"
[22:37:23] [Server thread/INFO]: Stopping the server
[22:37:23] [Server thread/INFO]: Stopping server
[22:37:23] [Server thread/INFO]: Saving players
[22:37:23] [Server thread/INFO]: Saving worlds
[22:37:23] [Server thread/INFO]: Saving chunks for level 'ServerLevel[world]'/minecraft:overworld
[22:37:25] [Server thread/INFO]: ThreadedAnvilChunkStorage (world): All chunks are saved
[22:37:25] [Server thread/INFO]: Saving chunks for level 'ServerLevel[world]'/minecraft:the_nether
[22:37:25] [Server thread/INFO]: ThreadedAnvilChunkStorage (DIM-1): All chunks are saved
[22:37:25] [Server thread/INFO]: Saving chunks for level 'ServerLevel[world]'/minecraft:the_end
[22:37:25] [Server thread/INFO]: ThreadedAnvilChunkStorage (DIM1): All chunks are saved
[22:37:25] [Server thread/INFO]: ThreadedAnvilChunkStorage (world): All chunks are saved
[22:37:25] [Server thread/INFO]: ThreadedAnvilChunkStorage (DIM-1): All chunks are saved
[22:37:25] [Server thread/INFO]: ThreadedAnvilChunkStorage (DIM1): All chunks are saved
